<?xml version="1.0" encoding="UTF-8"?>
<testng-results ignored="0" total="1" passed="1" failed="0" skipped="0">
  <reporter-output>
  </reporter-output>
  <suite started-at="2018-07-27T03:09:03Z" name="Default suite" finished-at="2018-07-27T03:09:10Z" duration-ms="6971">
    <groups>
    </groups>
    <test started-at="2018-07-27T03:09:03Z" name="Default test" finished-at="2018-07-27T03:09:10Z" duration-ms="6971">
      <class name="Weather.TempCheck">
        <test-method signature="temperature()[pri:0, instance:Weather.TempCheck@581ac8a8]" started-at="2018-07-27T03:09:03Z" name="temperature" finished-at="2018-07-27T03:09:10Z" duration-ms="6922" status="PASS">
          <reporter-output>
          </reporter-output>
        </test-method> <!-- temperature -->
      </class> <!-- Weather.TempCheck -->
    </test> <!-- Default test -->
  </suite> <!-- Default suite -->
</testng-results>
